<?xml version="1.0" encoding="UTF-8"?>
<!-- Generated by org.testng.reporters.JUnitReportReporter -->
<testsuite skipped="0" hostname="PaperBoy" name="com.PhpTravels.TestScripts.Tours_TestCase" tests="1" failures="0" timestamp="24 Jun 2019 03:48:23 GMT" time="64.742" errors="0">
  <testcase name="Tours_Booking" time="64.742" classname="com.PhpTravels.TestScripts.Tours_TestCase"/>
</testsuite> <!-- com.PhpTravels.TestScripts.Tours_TestCase -->
