<?xml version="1.0" encoding="UTF-8"?>
<!-- Generated by org.testng.reporters.JUnitReportReporter -->
<testsuite skipped="0" hostname="PaperBoy" name="com.PhpTravels.TestScripts.SIgn_Up_Negative" tests="1" failures="0" timestamp="18 Jun 2019 02:30:18 GMT" time="25.841" errors="0">
  <testcase name="SignUp" time="25.841" classname="com.PhpTravels.TestScripts.SIgn_Up_Negative"/>
</testsuite> <!-- com.PhpTravels.TestScripts.SIgn_Up_Negative -->
