<?xml version="1.0" encoding="UTF-8"?>
<!-- Generated by org.testng.reporters.JUnitReportReporter -->
<testsuite skipped="0" hostname="PaperBoy" name="com.PhpTravels.TestScripts.Cars_TestCase" tests="1" failures="0" timestamp="21 Jun 2019 10:02:46 GMT" time="57.842" errors="0">
  <testcase name="Car_Booking" time="57.842" classname="com.PhpTravels.TestScripts.Cars_TestCase"/>
</testsuite> <!-- com.PhpTravels.TestScripts.Cars_TestCase -->
