<?xml version="1.0" encoding="UTF-8"?>
<!-- Generated by org.testng.reporters.JUnitReportReporter -->
<testsuite skipped="0" hostname="PaperBoy" name="com.PhpTravels.TestScripts.Tours_TestCase" tests="1" failures="0" timestamp="21 Jun 2019 09:20:36 GMT" time="57.841" errors="0">
  <testcase name="Tours_Booking" time="57.841" classname="com.PhpTravels.TestScripts.Tours_TestCase"/>
</testsuite> <!-- com.PhpTravels.TestScripts.Tours_TestCase -->
