<?xml version="1.0" encoding="UTF-8"?>
<!-- Generated by org.testng.reporters.JUnitReportReporter -->
<testsuite skipped="0" hostname="PaperBoy" name="com.PhpTravels.TestScripts.Flight_TestCase" tests="1" failures="0" timestamp="20 Jun 2019 06:31:03 GMT" time="80.783" errors="0">
  <testcase name="FLight_Booking" time="80.783" classname="com.PhpTravels.TestScripts.Flight_TestCase"/>
</testsuite> <!-- com.PhpTravels.TestScripts.Flight_TestCase -->
