<?xml version="1.0" encoding="UTF-8"?>
<!-- Generated by org.testng.reporters.JUnitReportReporter -->
<testsuite skipped="0" hostname="PaperBoy" name="com.PhpTravels.TestScripts.Login_Valid" tests="1" failures="0" timestamp="24 Jun 2019 03:48:23 GMT" time="14.398" errors="0">
  <testcase name="Login" time="14.398" classname="com.PhpTravels.TestScripts.Login_Valid"/>
</testsuite> <!-- com.PhpTravels.TestScripts.Login_Valid -->
