<?xml version="1.0" encoding="UTF-8"?>
<!-- Generated by org.testng.reporters.JUnitReportReporter -->
<testsuite skipped="0" hostname="PaperBoy" name="com.PhpTravels.TestScripts.Sign_Up_Positive" tests="1" failures="0" timestamp="20 Jun 2019 02:19:29 GMT" time="21.971" errors="0">
  <testcase name="SignUp" time="21.971" classname="com.PhpTravels.TestScripts.Sign_Up_Positive"/>
</testsuite> <!-- com.PhpTravels.TestScripts.Sign_Up_Positive -->
