<?xml version="1.0" encoding="UTF-8"?>
<!-- Generated by org.testng.reporters.JUnitReportReporter -->
<testsuite skipped="0" hostname="PaperBoy" name="com.PhpTravels.TestScripts.Hotel_TestCase" tests="1" failures="0" timestamp="18 Jun 2019 06:08:46 GMT" time="109.610" errors="0">
  <testcase name="Hotel_Booking" time="109.610" classname="com.PhpTravels.TestScripts.Hotel_TestCase"/>
</testsuite> <!-- com.PhpTravels.TestScripts.Hotel_TestCase -->
