<?xml version="1.0" encoding="UTF-8"?>
<!-- Generated by org.testng.reporters.JUnitReportReporter -->
<testsuite skipped="0" hostname="PaperBoy" name="com.PhpTravels.TestScripts.Hotel_TestCase" tests="1" failures="0" timestamp="18 Jun 2019 10:53:03 GMT" time="145.713" errors="0">
  <testcase name="Hotel_Booking" time="145.713" classname="com.PhpTravels.TestScripts.Hotel_TestCase"/>
</testsuite> <!-- com.PhpTravels.TestScripts.Hotel_TestCase -->
