<?xml version="1.0" encoding="UTF-8"?>
<!-- Generated by org.testng.reporters.JUnitReportReporter -->
<testsuite skipped="0" hostname="PaperBoy" name="com.PhpTravels.TestScripts.Sign_Up_Positive" tests="1" failures="0" timestamp="22 Jun 2019 06:21:55 GMT" time="44.873" errors="0">
  <testcase name="SignUp" time="44.873" classname="com.PhpTravels.TestScripts.Sign_Up_Positive"/>
</testsuite> <!-- com.PhpTravels.TestScripts.Sign_Up_Positive -->
