<?xml version="1.0" encoding="UTF-8"?>
<!-- Generated by org.testng.reporters.JUnitReportReporter -->
<testsuite skipped="0" hostname="PaperBoy" name="com.PhpTravels.TestScripts.Hotel_TestCase" tests="1" failures="0" timestamp="22 Jun 2019 06:21:55 GMT" time="117.773" errors="0">
  <testcase name="Hotel_Booking" time="117.773" classname="com.PhpTravels.TestScripts.Hotel_TestCase"/>
</testsuite> <!-- com.PhpTravels.TestScripts.Hotel_TestCase -->
