<?xml version="1.0" encoding="UTF-8"?>
<!-- Generated by org.testng.reporters.JUnitReportReporter -->
<testsuite skipped="1" hostname="PaperBoy" name="com.PhpTravels.TestScripts.Flight_TestCase" tests="2" failures="0" timestamp="21 Jun 2019 10:07:24 GMT" time="74.119" errors="0">
  <testcase name="FLight_Booking_Without_Login" time="74.119" classname="com.PhpTravels.TestScripts.Flight_TestCase"/>
  <testcase name="FLight_Booking" classname="com.PhpTravels.TestScripts.Flight_TestCase">
    <skipped/>
  </testcase> <!-- FLight_Booking -->
</testsuite> <!-- com.PhpTravels.TestScripts.Flight_TestCase -->
