<?xml version="1.0" encoding="UTF-8"?>
<!-- Generated by org.testng.reporters.JUnitReportReporter -->
<testsuite skipped="0" hostname="PaperBoy" name="com.PhpTravels.TestScripts.Hotel_TestCase" tests="1" failures="0" timestamp="21 Jun 2019 04:49:00 GMT" time="98.985" errors="0">
  <testcase name="Hotel_Booking" time="98.985" classname="com.PhpTravels.TestScripts.Hotel_TestCase"/>
</testsuite> <!-- com.PhpTravels.TestScripts.Hotel_TestCase -->
