<?xml version="1.0" encoding="UTF-8"?>
<!-- Generated by org.testng.reporters.JUnitReportReporter -->
<testsuite skipped="0" hostname="PaperBoy" name="com.PhpTravels.TestScripts.Sign_Up_Positive" tests="1" failures="0" timestamp="24 Jun 2019 03:48:23 GMT" time="21.019" errors="0">
  <testcase name="SignUp" time="21.019" classname="com.PhpTravels.TestScripts.Sign_Up_Positive"/>
</testsuite> <!-- com.PhpTravels.TestScripts.Sign_Up_Positive -->
