<?xml version="1.0" encoding="UTF-8"?>
<!-- Generated by org.testng.reporters.JUnitReportReporter -->
<testsuite skipped="0" hostname="PaperBoy" name="com.PhpTravels.TestScripts.Login_Valid" tests="1" failures="0" timestamp="22 Jun 2019 06:21:55 GMT" time="14.662" errors="0">
  <testcase name="Login" time="14.662" classname="com.PhpTravels.TestScripts.Login_Valid"/>
</testsuite> <!-- com.PhpTravels.TestScripts.Login_Valid -->
