<?xml version="1.0" encoding="UTF-8"?>
<!-- Generated by org.testng.reporters.JUnitReportReporter -->
<testsuite skipped="0" hostname="PaperBoy" name="com.PhpTravels.TestScripts.Cars_TestCase" tests="1" failures="0" timestamp="24 Jun 2019 03:48:23 GMT" time="57.237" errors="0">
  <testcase name="Car_Booking" time="57.237" classname="com.PhpTravels.TestScripts.Cars_TestCase"/>
</testsuite> <!-- com.PhpTravels.TestScripts.Cars_TestCase -->
