<?xml version="1.0" encoding="UTF-8"?>
<!-- Generated by org.testng.reporters.JUnitReportReporter -->
<testsuite skipped="0" hostname="PaperBoy" name="com.PhpTravels.TestScripts.Login_Valid" tests="1" failures="0" timestamp="18 Jun 2019 03:50:14 GMT" time="27.950" errors="0">
  <testcase name="SignUp" time="27.950" classname="com.PhpTravels.TestScripts.Login_Valid"/>
</testsuite> <!-- com.PhpTravels.TestScripts.Login_Valid -->
