<?xml version="1.0" encoding="UTF-8"?>
<!-- Generated by org.testng.reporters.JUnitReportReporter -->
<testsuite skipped="0" hostname="PaperBoy" name="com.PhpTravels.TestScripts.Tours_TestCase" tests="1" failures="0" timestamp="20 Jun 2019 06:56:01 GMT" time="64.351" errors="0">
  <testcase name="Tours_Booking" time="64.351" classname="com.PhpTravels.TestScripts.Tours_TestCase"/>
</testsuite> <!-- com.PhpTravels.TestScripts.Tours_TestCase -->
