<?xml version="1.0" encoding="UTF-8"?>
<!-- Generated by org.testng.reporters.JUnitReportReporter -->
<testsuite skipped="0" hostname="PaperBoy" name="com.PhpTravels.TestScripts.Flight_TestCase" tests="1" failures="0" timestamp="24 Jun 2019 03:48:23 GMT" time="91.689" errors="0">
  <testcase name="FLight_Booking" time="91.689" classname="com.PhpTravels.TestScripts.Flight_TestCase"/>
</testsuite> <!-- com.PhpTravels.TestScripts.Flight_TestCase -->
