<?xml version="1.0" encoding="UTF-8"?>
<!-- Generated by org.testng.reporters.JUnitReportReporter -->
<testsuite skipped="0" hostname="PaperBoy" name="com.PhpTravels.TestScripts.Login_Valid" tests="1" failures="0" timestamp="19 Jun 2019 02:45:46 GMT" time="20.059" errors="0">
  <testcase name="Login" time="20.059" classname="com.PhpTravels.TestScripts.Login_Valid"/>
</testsuite> <!-- com.PhpTravels.TestScripts.Login_Valid -->
